  LinearOnArray.cpp
C:\Users\golov\source\repos\123\mp-Lab6\polinom\polinomlib\TMonom.h(77,20): warning C4244: +=: преобразование "double" в "int", возможна потеря данных
C:\Users\golov\source\repos\123\mp-Lab6\polinom\polinomlib\TMonom.h(79,19): warning C4244: +=: преобразование "double" в "int", возможна потеря данных
C:\Users\golov\source\repos\123\mp-Lab6\polinom\polinomlib\TMonom.h(81,16): warning C4244: +=: преобразование "double" в "int", возможна потеря данных
C:\Users\golov\source\repos\123\mp-Lab6\polinom\polinomlib\TMonom.h(134,29): warning C4244: return: преобразование "double" в "int", возможна потеря данных
C:\Users\golov\source\repos\123\mp-Lab6\polinom\polinomlib\TPolinom.h(126,14): error C2440: инициализация: невозможно преобразовать "TPolinom" в "TPolinom"
C:\Users\golov\source\repos\123\mp-Lab6\polinom\polinomlib\TPolinom.h(126,14): message : Создать class "TPolinom" с помощью конструктора копий невозможно, так как конструкторы копий неоднозначны или отсутствуют
C:\Users\golov\source\repos\123\mp-Lab6\tablichka\LinerOnArray\LinearOnArray.h(10,12): error C2065: Line: необъявленный идентификатор
C:\Users\golov\source\repos\123\mp-Lab6\tablichka\LinerOnArray\LinearOnArray.h(33,2): message : выполняется компиляция ссылки на экземпляр класс шаблон функции "LinerOnArray<Key,Value>"
C:\Users\golov\source\repos\123\mp-Lab6\tablichka\LinerOnArray\LinearOnArray.h(10,5): error C2923: std::vector: "Line" не является допустимым аргументом типа шаблон для параметра "_Ty"
C:\Users\golov\source\repos\123\mp-Lab6\tablichka\LinerOnArray\LinearOnArray.h(10,12): message : см. объявление "Line"
C:\Users\golov\source\repos\123\mp-Lab6\tablichka\LinerOnArray\LinearOnArray.h(10,5): error C2976: std::vector: слишком мало аргументов шаблон
D:\Новая папка\VC\Tools\MSVC\14.35.32215\include\vector(494,1): message : см. объявление "std::vector"
C:\Users\golov\source\repos\123\mp-Lab6\tablichka\LinerOnArray\LinearOnArray.h(52,1): error C2563: несоответствие в списке формальных параметров
C:\Users\golov\source\repos\123\mp-Lab6\tablichka\LinerOnArray\LinearOnArray.h(52,1): error C2568: <: не удается разрешить перегрузку функции
C:\Users\golov\source\repos\123\mp-Lab6\tablichka\LinerOnArray\LinearOnArray.h(52,1): message : может быть "iterator_traits<_Iter>::difference_type std::count(const _InIt,const _InIt,const _Ty &)"
C:\Users\golov\source\repos\123\mp-Lab6\tablichka\LinerOnArray\LinearOnArray.h(64,1): error C2563: несоответствие в списке формальных параметров
C:\Users\golov\source\repos\123\mp-Lab6\tablichka\LinerOnArray\LinearOnArray.h(64,1): error C2568: <: не удается разрешить перегрузку функции
C:\Users\golov\source\repos\123\mp-Lab6\tablichka\LinerOnArray\LinearOnArray.h(64,1): message : может быть "iterator_traits<_Iter>::difference_type std::count(const _InIt,const _InIt,const _Ty &)"
C:\Users\golov\source\repos\123\mp-Lab6\tablichka\LinerOnArray\LinearOnArray.h(82,1): error C2563: несоответствие в списке формальных параметров
C:\Users\golov\source\repos\123\mp-Lab6\tablichka\LinerOnArray\LinearOnArray.h(82,1): error C2568: <: не удается разрешить перегрузку функции
C:\Users\golov\source\repos\123\mp-Lab6\tablichka\LinerOnArray\LinearOnArray.h(82,1): message : может быть "iterator_traits<_Iter>::difference_type std::count(const _InIt,const _InIt,const _Ty &)"
  LinearOnArray_test.cpp
C:\Users\golov\source\repos\123\mp-Lab6\tablichka\LinerOnArray\LOAtest\LinearOnArray_test.cpp(1,10): fatal  error C1083: Не удается открыть файл включение: ..\..\gtest\gtest.h: No such file or directory,
  main_test.cpp
C:\Users\golov\source\repos\123\mp-Lab6\tablichka\LinerOnArray\LOAtest\main_test.cpp(1,10): fatal  error C1083: Не удается открыть файл включение: ..\..\gtest\gtest.h: No such file or directory,
  main.cpp
C:\Users\golov\source\repos\123\mp-Lab6\polinom\polinomlib\TMonom.h(77,20): warning C4244: +=: преобразование "double" в "int", возможна потеря данных
C:\Users\golov\source\repos\123\mp-Lab6\polinom\polinomlib\TMonom.h(79,19): warning C4244: +=: преобразование "double" в "int", возможна потеря данных
C:\Users\golov\source\repos\123\mp-Lab6\polinom\polinomlib\TMonom.h(81,16): warning C4244: +=: преобразование "double" в "int", возможна потеря данных
C:\Users\golov\source\repos\123\mp-Lab6\polinom\polinomlib\TMonom.h(134,29): warning C4244: return: преобразование "double" в "int", возможна потеря данных
C:\Users\golov\source\repos\123\mp-Lab6\polinom\polinomlib\TPolinom.h(126,14): error C2440: инициализация: невозможно преобразовать "TPolinom" в "TPolinom"
C:\Users\golov\source\repos\123\mp-Lab6\polinom\polinomlib\TPolinom.h(126,14): message : Создать class "TPolinom" с помощью конструктора копий невозможно, так как конструкторы копий неоднозначны или отсутствуют
C:\Users\golov\source\repos\123\mp-Lab6\tablichka\LinerOnArray\LinearOnArray.h(10,12): error C2065: Line: необъявленный идентификатор
C:\Users\golov\source\repos\123\mp-Lab6\tablichka\LinerOnArray\LinearOnArray.h(33,2): message : выполняется компиляция ссылки на экземпляр класс шаблон функции "LinerOnArray<Key,Value>"
C:\Users\golov\source\repos\123\mp-Lab6\tablichka\LinerOnArray\LinearOnArray.h(10,5): error C2923: std::vector: "Line" не является допустимым аргументом типа шаблон для параметра "_Ty"
C:\Users\golov\source\repos\123\mp-Lab6\tablichka\LinerOnArray\LinearOnArray.h(10,12): message : см. объявление "Line"
C:\Users\golov\source\repos\123\mp-Lab6\tablichka\LinerOnArray\LinearOnArray.h(10,5): error C2976: std::vector: слишком мало аргументов шаблон
D:\Новая папка\VC\Tools\MSVC\14.35.32215\include\vector(494,1): message : см. объявление "std::vector"
C:\Users\golov\source\repos\123\mp-Lab6\tablichka\LinerOnArray\LinearOnArray.h(52,1): error C2563: несоответствие в списке формальных параметров
C:\Users\golov\source\repos\123\mp-Lab6\tablichka\LinerOnArray\LinearOnArray.h(52,1): error C2568: <: не удается разрешить перегрузку функции
C:\Users\golov\source\repos\123\mp-Lab6\tablichka\LinerOnArray\LinearOnArray.h(52,1): message : может быть "iterator_traits<_Iter>::difference_type std::count(const _InIt,const _InIt,const _Ty &)"
C:\Users\golov\source\repos\123\mp-Lab6\tablichka\LinerOnArray\LinearOnArray.h(64,1): error C2563: несоответствие в списке формальных параметров
C:\Users\golov\source\repos\123\mp-Lab6\tablichka\LinerOnArray\LinearOnArray.h(64,1): error C2568: <: не удается разрешить перегрузку функции
C:\Users\golov\source\repos\123\mp-Lab6\tablichka\LinerOnArray\LinearOnArray.h(64,1): message : может быть "iterator_traits<_Iter>::difference_type std::count(const _InIt,const _InIt,const _Ty &)"
C:\Users\golov\source\repos\123\mp-Lab6\tablichka\LinerOnArray\LinearOnArray.h(82,1): error C2563: несоответствие в списке формальных параметров
C:\Users\golov\source\repos\123\mp-Lab6\tablichka\LinerOnArray\LinearOnArray.h(82,1): error C2568: <: не удается разрешить перегрузку функции
C:\Users\golov\source\repos\123\mp-Lab6\tablichka\LinerOnArray\LinearOnArray.h(82,1): message : может быть "iterator_traits<_Iter>::difference_type std::count(const _InIt,const _InIt,const _Ty &)"
C:\Users\golov\source\repos\123\mp-Lab6\tablichka\LinerOnArray\LinearOnArray.h(33,1): error C2512: std::vector: нет подходящего конструктора по умолчанию
D:\Новая папка\VC\Tools\MSVC\14.35.32215\include\vector(494,1): message : см. объявление "std::vector"
C:\Users\golov\source\repos\123\mp-Lab6\tablichka\LinerOnArray\LinearOnArray.h(33,1): message : Сообщение диагностики возникло в созданной компилятором функции "LinerOnArray<std::string,TPolinom>::LinerOnArray(void)"
C:\Users\golov\source\repos\123\mp-Lab6\tablichka\LinerOnArray\LinearOnArray.h(33,1): message : см. ссылку на функцию "LinerOnArray<std::string,TPolinom>::LinerOnArray(void)"
C:\Users\golov\source\repos\123\mp-Lab6\tablichka\LinerOnArray\main.cpp(15,7): error C2664: "bool table<std::string,TPolinom>::Insert(Key,Value)": невозможно преобразовать аргумент 2 из "TPolinom" в "Value"
          with
          [
              Key=std::string,
              Value=TPolinom
          ]
          and
          [
              Value=TPolinom
          ]
C:\Users\golov\source\repos\123\mp-Lab6\tablichka\LinerOnArray\main.cpp(15,29): message : Создать class "TPolinom" с помощью конструктора копий невозможно, так как конструкторы копий неоднозначны или отсутствуют
C:\Users\golov\source\repos\123\mp-Lab6\tablichka\tablichka.h(28,18): message : см. объявление "table<std::string,TPolinom>::Insert"
C:\Users\golov\source\repos\123\mp-Lab6\tablichka\LinerOnArray\main.cpp(15,7): message : при попытке сопоставить список аргументов "(const char [2], TPolinom)"
C:\Users\golov\source\repos\123\mp-Lab6\tablichka\LinerOnArray\main.cpp(16,7): error C2664: "bool table<std::string,TPolinom>::Insert(Key,Value)": невозможно преобразовать аргумент 2 из "TPolinom" в "Value"
          with
          [
              Key=std::string,
              Value=TPolinom
          ]
          and
          [
              Value=TPolinom
          ]
C:\Users\golov\source\repos\123\mp-Lab6\tablichka\LinerOnArray\main.cpp(16,29): message : Создать class "TPolinom" с помощью конструктора копий невозможно, так как конструкторы копий неоднозначны или отсутствуют
C:\Users\golov\source\repos\123\mp-Lab6\tablichka\tablichka.h(28,18): message : см. объявление "table<std::string,TPolinom>::Insert"
C:\Users\golov\source\repos\123\mp-Lab6\tablichka\LinerOnArray\main.cpp(16,7): message : при попытке сопоставить список аргументов "(const char [2], TPolinom)"
  Создание кода...
