  main.cpp
C:\Users\golov\source\repos\123\mp-Lab6\tablichka\LinearOnList\LinearOnList.h(77,19): error C2039: "key": не является членом "Node<T>".
          with
          [
              T=table<std::string,TPolinom>::Line
          ]
C:\Users\golov\source\repos\123\mp-Lab6\polinom\polinomlib\../listlib/TList.h(9,2): message : см. объявление "Node<T>"
          with
          [
              T=table<std::string,TPolinom>::Line
          ]
C:\Users\golov\source\repos\123\mp-Lab6\tablichka\LinearOnList\LinearOnList.h(72,1): message : во время компиляции функции-члена класс шаблон "bool LinerOnList<std::string,TPolinom>::Delete(Key)"
          with
          [
              Key=std::string
          ]
C:\Users\golov\source\repos\123\mp-Lab6\tablichka\LinearOnList\main.cpp(10,32): message : выполняется компиляция ссылки на экземпляр класс шаблон функции "LinerOnList<std::string,TPolinom>"
C:\Users\golov\source\repos\123\mp-Lab6\tablichka\LinearOnList\LinearOnList.h(78,23): error C2664: "void List<table<std::string,TPolinom>::Line>::erase(size_t)": невозможно преобразовать аргумент 1 из "Node<T> *" в "size_t"
          with
          [
              T=table<std::string,TPolinom>::Line
          ]
C:\Users\golov\source\repos\123\mp-Lab6\tablichka\LinearOnList\LinearOnList.h(78,30): message : Не существует контекста, в котором такое преобразование возможно
C:\Users\golov\source\repos\123\mp-Lab6\polinom\polinomlib\../listlib/TList.h(21,7): message : см. объявление "List<table<std::string,TPolinom>::Line>::erase"
C:\Users\golov\source\repos\123\mp-Lab6\tablichka\LinearOnList\LinearOnList.h(78,23): message : при попытке сопоставить список аргументов "(Node<T> *)"
          with
          [
              T=table<std::string,TPolinom>::Line
          ]
