c:\users\golov\source\repos\123\mp-lab6\build\cmakefiles\generate.stamp
c:\users\golov\source\repos\123\mp-lab6\build\gtest\cmakefiles\generate.stamp
c:\users\golov\source\repos\123\mp-lab6\build\polinom\cmakefiles\generate.stamp
c:\users\golov\source\repos\123\mp-lab6\build\polinom\listlib\cmakefiles\generate.stamp
c:\users\golov\source\repos\123\mp-lab6\build\polinom\polinomlib\cmakefiles\generate.stamp
c:\users\golov\source\repos\123\mp-lab6\build\polinom\test\cmakefiles\generate.stamp
c:\users\golov\source\repos\123\mp-lab6\build\postfix\cmakefiles\generate.stamp
c:\users\golov\source\repos\123\mp-lab6\build\postfix\postfixlib\cmakefiles\generate.stamp
c:\users\golov\source\repos\123\mp-lab6\build\postfix\testpos\cmakefiles\generate.stamp
c:\users\golov\source\repos\123\mp-lab6\build\postfix\stack\cmakefiles\generate.stamp
c:\users\golov\source\repos\123\mp-lab6\build\postfix\stack\stacklib\cmakefiles\generate.stamp
c:\users\golov\source\repos\123\mp-lab6\build\postfix\stack\teststack\cmakefiles\generate.stamp
c:\users\golov\source\repos\123\mp-lab6\build\tablichka\cmakefiles\generate.stamp
c:\users\golov\source\repos\123\mp-lab6\build\tablichka\hashchain\cmakefiles\generate.stamp
c:\users\golov\source\repos\123\mp-lab6\build\tablichka\hashchain\hashctest\cmakefiles\generate.stamp
c:\users\golov\source\repos\123\mp-lab6\build\tablichka\hashlist\cmakefiles\generate.stamp
c:\users\golov\source\repos\123\mp-lab6\build\tablichka\hashlist\hashltest\cmakefiles\generate.stamp
c:\users\golov\source\repos\123\mp-lab6\build\tablichka\lineronarray\cmakefiles\generate.stamp
c:\users\golov\source\repos\123\mp-lab6\build\tablichka\lineronarray\loatest\cmakefiles\generate.stamp
c:\users\golov\source\repos\123\mp-lab6\build\tablichka\linearonlist\cmakefiles\generate.stamp
c:\users\golov\source\repos\123\mp-lab6\build\tablichka\linearonlist\loltest\cmakefiles\generate.stamp
c:\users\golov\source\repos\123\mp-lab6\build\tablichka\orderedonarray\cmakefiles\generate.stamp
c:\users\golov\source\repos\123\mp-lab6\build\tablichka\orderedonarray\ooatest\cmakefiles\generate.stamp
c:\users\golov\source\repos\123\mp-lab6\build\tablichka\tree\cmakefiles\generate.stamp
c:\users\golov\source\repos\123\mp-lab6\build\tablichka\tree\treetest\cmakefiles\generate.stamp
c:\users\golov\source\repos\123\mp-lab6\build\tablichka\test_tablichka\cmakefiles\generate.stamp
c:\users\golov\source\repos\123\mp-lab6\build\x64\debug\zero_check\zero_check.tlog\custombuild.command.1.tlog
c:\users\golov\source\repos\123\mp-lab6\build\x64\debug\zero_check\zero_check.tlog\custombuild.read.1.tlog
c:\users\golov\source\repos\123\mp-lab6\build\x64\debug\zero_check\zero_check.tlog\custombuild.write.1.tlog
